# JRE version: OpenJDK Runtime Environment (8.0_292-b10) (build 1.8.0_292-b10)
# Java VM: OpenJDK 64-Bit Server VM (25.292-b10 mixed mode bsd-amd64 compressed oops)
Heap:
 PSYoungGen      total 272896K, used 252027K [0x0000000740000000, 0x000000076ed80000, 0x00000007c0000000)
  eden space 262144K, 96% used [0x0000000740000000,0x000000074f61efb0,0x0000000750000000)
  from space 10752K, 0% used [0x0000000750000000,0x0000000750000000,0x0000000750a80000)
  to   space 216576K, 0% used [0x0000000761a00000,0x0000000761a00000,0x000000076ed80000)
 ParOldGen       total 2514944K, used 2063863K [0x0000000640000000, 0x00000006d9800000, 0x0000000740000000)
  object space 2514944K, 82% used [0x0000000640000000,0x00000006bdf7de38,0x00000006d9800000)
 Metaspace       used 10083K, capacity 10326K, committed 10496K, reserved 1058816K
  class space    used 1097K, capacity 1177K, committed 1280K, reserved 1048576K
GC Heap History (10 events):
Event: 0.608 GC heap before
{Heap before GC invocations=4 (full 1):
 PSYoungGen      total 141824K, used 10741K [0x0000000740000000, 0x0000000751500000, 0x00000007c0000000)
  eden space 131072K, 0% used [0x0000000740000000,0x0000000740000000,0x0000000748000000)
  from space 10752K, 99% used [0x0000000748000000,0x0000000748a7d7e0,0x0000000748a80000)
  to   space 10752K, 0% used [0x0000000750a80000,0x0000000750a80000,0x0000000751500000)
 ParOldGen       total 315392K, used 257747K [0x0000000640000000, 0x0000000653400000, 0x0000000740000000)
  object space 315392K, 81% used [0x0000000640000000,0x000000064fbb4ef8,0x0000000653400000)
 Metaspace       used 10078K, capacity 10326K, committed 10496K, reserved 1058816K
  class space    used 1096K, capacity 1177K, committed 1280K, reserved 1048576K
Event: 0.646 GC heap after
Heap after GC invocations=4 (full 1):
 PSYoungGen      total 141824K, used 0K [0x0000000740000000, 0x0000000751500000, 0x00000007c0000000)
  eden space 131072K, 0% used [0x0000000740000000,0x0000000740000000,0x0000000748000000)
  from space 10752K, 0% used [0x0000000748000000,0x0000000748000000,0x0000000748a80000)
  to   space 10752K, 0% used [0x0000000750a80000,0x0000000750a80000,0x0000000751500000)
 ParOldGen       total 380416K, used 214942K [0x0000000640000000, 0x0000000657380000, 0x0000000740000000)
  object space 380416K, 56% used [0x0000000640000000,0x000000064d1e7988,0x0000000657380000)
 Metaspace       used 10078K, capacity 10326K, committed 10496K, reserved 1058816K
  class space    used 1096K, capacity 1177K, committed 1280K, reserved 1048576K
}
Event: 0.923 GC heap before
{Heap before GC invocations=5 (full 1):
 PSYoungGen      total 141824K, used 131072K [0x0000000740000000, 0x0000000751500000, 0x00000007c0000000)
  eden space 131072K, 100% used [0x0000000740000000,0x0000000748000000,0x0000000748000000)
  from space 10752K, 0% used [0x0000000748000000,0x0000000748000000,0x0000000748a80000)
  to   space 10752K, 0% used [0x0000000750a80000,0x0000000750a80000,0x0000000751500000)
 ParOldGen       total 660992K, used 495006K [0x0000000640000000, 0x0000000668580000, 0x0000000740000000)
  object space 660992K, 74% used [0x0000000640000000,0x000000065e367998,0x0000000668580000)
 Metaspace       used 10081K, capacity 10326K, committed 10496K, reserved 1058816K
  class space    used 1096K, capacity 1177K, committed 1280K, reserved 1048576K
Event: 0.948 GC heap after
Heap after GC invocations=5 (full 1):
 PSYoungGen      total 236544K, used 10737K [0x0000000740000000, 0x0000000751500000, 0x00000007c0000000)
  eden space 225792K, 0% used [0x0000000740000000,0x0000000740000000,0x000000074dc80000)
  from space 10752K, 99% used [0x0000000750a80000,0x00000007514fc518,0x0000000751500000)
  to   space 10752K, 0% used [0x0000000750000000,0x0000000750000000,0x0000000750a80000)
 ParOldGen       total 660992K, used 606310K [0x0000000640000000, 0x0000000668580000, 0x0000000740000000)
  object space 660992K, 91% used [0x0000000640000000,0x0000000665019998,0x0000000668580000)
 Metaspace       used 10081K, capacity 10326K, committed 10496K, reserved 1058816K
  class space    used 1096K, capacity 1177K, committed 1280K, reserved 1048576K
}
Event: 0.948 GC heap before
{Heap before GC invocations=6 (full 2):
 PSYoungGen      total 236544K, used 10737K [0x0000000740000000, 0x0000000751500000, 0x00000007c0000000)
  eden space 225792K, 0% used [0x0000000740000000,0x0000000740000000,0x000000074dc80000)
  from space 10752K, 99% used [0x0000000750a80000,0x00000007514fc518,0x0000000751500000)
  to   space 10752K, 0% used [0x0000000750000000,0x0000000750000000,0x0000000750a80000)
 ParOldGen       total 660992K, used 606310K [0x0000000640000000, 0x0000000668580000, 0x0000000740000000)
  object space 660992K, 91% used [0x0000000640000000,0x0000000665019998,0x0000000668580000)
 Metaspace       used 10081K, capacity 10326K, committed 10496K, reserved 1058816K
  class space    used 1096K, capacity 1177K, committed 1280K, reserved 1048576K
Event: 1.036 GC heap after
Heap after GC invocations=6 (full 2):
 PSYoungGen      total 236544K, used 0K [0x0000000740000000, 0x0000000751500000, 0x00000007c0000000)
  eden space 225792K, 0% used [0x0000000740000000,0x0000000740000000,0x000000074dc80000)
  from space 10752K, 0% used [0x0000000750a80000,0x0000000750a80000,0x0000000751500000)
  to   space 10752K, 0% used [0x0000000750000000,0x0000000750000000,0x0000000750a80000)
 ParOldGen       total 749568K, used 466957K [0x0000000640000000, 0x000000066dc00000, 0x0000000740000000)
  object space 749568K, 62% used [0x0000000640000000,0x000000065c803608,0x000000066dc00000)
 Metaspace       used 10081K, capacity 10326K, committed 10496K, reserved 1058816K
  class space    used 1096K, capacity 1177K, committed 1280K, reserved 1048576K
}
Event: 1.543 GC heap before
{Heap before GC invocations=7 (full 2):
 PSYoungGen      total 236544K, used 225792K [0x0000000740000000, 0x0000000751500000, 0x00000007c0000000)
  eden space 225792K, 100% used [0x0000000740000000,0x000000074dc80000,0x000000074dc80000)
  from space 10752K, 0% used [0x0000000750a80000,0x0000000750a80000,0x0000000751500000)
  to   space 10752K, 0% used [0x0000000750000000,0x0000000750000000,0x0000000750a80000)
 ParOldGen       total 1310208K, used 1027085K [0x0000000640000000, 0x000000068ff80000, 0x0000000740000000)
  object space 1310208K, 78% used [0x0000000640000000,0x000000067eb03618,0x000000068ff80000)
 Metaspace       used 10081K, capacity 10326K, committed 10496K, reserved 1058816K
  class space    used 1096K, capacity 1177K, committed 1280K, reserved 1048576K
Event: 1.588 GC heap after
Heap after GC invocations=7 (full 2):
 PSYoungGen      total 272896K, used 10750K [0x0000000740000000, 0x000000076ed80000, 0x00000007c0000000)
  eden space 262144K, 0% used [0x0000000740000000,0x0000000740000000,0x0000000750000000)
  from space 10752K, 99% used [0x0000000750000000,0x0000000750a7fb58,0x0000000750a80000)
  to   space 216576K, 0% used [0x0000000761a00000,0x0000000761a00000,0x000000076ed80000)
 ParOldGen       total 1310208K, used 1231125K [0x0000000640000000, 0x000000068ff80000, 0x0000000740000000)
  object space 1310208K, 93% used [0x0000000640000000,0x000000068b245618,0x000000068ff80000)
 Metaspace       used 10081K, capacity 10326K, committed 10496K, reserved 1058816K
  class space    used 1096K, capacity 1177K, committed 1280K, reserved 1048576K
}
Event: 1.588 GC heap before
{Heap before GC invocations=8 (full 3):
 PSYoungGen      total 272896K, used 10750K [0x0000000740000000, 0x000000076ed80000, 0x00000007c0000000)
  eden space 262144K, 0% used [0x0000000740000000,0x0000000740000000,0x0000000750000000)
  from space 10752K, 99% used [0x0000000750000000,0x0000000750a7fb58,0x0000000750a80000)
  to   space 216576K, 0% used [0x0000000761a00000,0x0000000761a00000,0x000000076ed80000)
 ParOldGen       total 1310208K, used 1231125K [0x0000000640000000, 0x000000068ff80000, 0x0000000740000000)
  object space 1310208K, 93% used [0x0000000640000000,0x000000068b245618,0x000000068ff80000)
 Metaspace       used 10081K, capacity 10326K, committed 10496K, reserved 1058816K
  class space    used 1096K, capacity 1177K, committed 1280K, reserved 1048576K
Event: 1.754 GC heap after
Heap after GC invocations=8 (full 3):
 PSYoungGen      total 272896K, used 0K [0x0000000740000000, 0x000000076ed80000, 0x00000007c0000000)
  eden space 262144K, 0% used [0x0000000740000000,0x0000000740000000,0x0000000750000000)
  from space 10752K, 0% used [0x0000000750000000,0x0000000750000000,0x0000000750a80000)
  to   space 216576K, 0% used [0x0000000761a00000,0x0000000761a00000,0x000000076ed80000)
 ParOldGen       total 1394176K, used 943607K [0x0000000640000000, 0x0000000695180000, 0x0000000740000000)
  object space 1394176K, 67% used [0x0000000640000000,0x000000067997de28,0x0000000695180000)
 Metaspace       used 10081K, capacity 10326K, committed 10496K, reserved 1058816K
  class space    used 1096K, capacity 1177K, committed 1280K, reserved 1048576K
}

